#-----------------------------------------------------------
# Vivado v2024.2 (64-bit)
# SW Build 5239630 on Fri Nov 08 22:35:27 MST 2024
# IP Build 5239520 on Sun Nov 10 16:12:51 MST 2024
# SharedData Build 5239561 on Fri Nov 08 14:39:27 MST 2024
# Start of session at: Wed Mar  5 22:07:54 2025
# Process ID         : 44156
# Current directory  : C:/Users/C27Mark_Albert.Alano/ece281/ece281lab2/src
# Command line       : vivado.exe -gui_launcher_event rodinguilauncherevent46604 C:\Users\C27Mark_Albert.Alano\ece281\ece281lab2\src\binaryHexDisp.xpr
# Log file           : C:/Users/C27Mark_Albert.Alano/ece281/ece281lab2/src/vivado.log
# Journal file       : C:/Users/C27Mark_Albert.Alano/ece281/ece281lab2/src\vivado.jou
# Running On         : C27-5CG3121GRJ
# Platform           : Windows Server 2016 or Windows 10
# Operating System   : 22631
# Processor Detail   : AMD Ryzen 7 PRO 6850U with Radeon Graphics     
# CPU Frequency      : 2695 MHz
# CPU Physical cores : 8
# CPU Logical cores  : 16
# Host memory        : 16442 MB
# Swap memory        : 13541 MB
# Total Virtual      : 29984 MB
# Available Virtual  : 5993 MB
#-----------------------------------------------------------
start_gui
open_project C:/Users/C27Mark_Albert.Alano/ece281/ece281lab2/src/binaryHexDisp.xpr
INFO: [filemgmt 56-3] Default IP Output Path : Could not find the directory 'C:/Users/C27Mark_Albert.Alano/ece281/ece281lab2/src/binaryHexDisp.gen/sources_1'.
Scanning sources...
Finished scanning sources
INFO: [IP_Flow 19-234] Refreshing IP repositories
INFO: [IP_Flow 19-1704] No user IP repositories specified
INFO: [IP_Flow 19-2313] Loaded Vivado IP repository 'C:/Xilinx/Vivado/2024.2/data/ip'.
open_project: Time (s): cpu = 00:00:06 ; elapsed = 00:00:08 . Memory (MB): peak = 1129.480 ; gain = 86.727
update_compile_order -fileset sources_1
update_compile_order -fileset sim_1
update_compile_order -fileset sources_1
WARNING: [filemgmt 56-199] Attempt to get parsing info during refresh. "On-the-fly" syntax checking information may be incorrect. [C:\Users\C27Mark_Albert.Alano\ece281\ece281lab2\src\sevenseg_decoder_tb.vhd:]
WARNING: [filemgmt 56-199] Attempt to get parsing info during refresh. "On-the-fly" syntax checking information may be incorrect. [C:\Users\C27Mark_Albert.Alano\ece281\ece281lab2\src\sevenseg_decoder.vhd:]
WARNING: [filemgmt 56-199] Attempt to get parsing info during refresh. "On-the-fly" syntax checking information may be incorrect. [C:\Users\C27Mark_Albert.Alano\ece281\ece281lab2\src\sevenseg_decoder_tb.vhd:]
WARNING: [filemgmt 56-199] Attempt to get parsing info during refresh. "On-the-fly" syntax checking information may be incorrect. [C:\Users\C27Mark_Albert.Alano\ece281\ece281lab2\src\sevenseg_decoder_tb.vhd:]
ERROR: [Common 17-180] Spawn failed: No error
